<?xml version="1.0" encoding="UTF-8"?>
<testng-results ignored="0" total="1" passed="1" failed="0" skipped="0">
  <reporter-output>
  </reporter-output>
  <suite started-at="2020-02-05T10:13:55Z" name="Default suite" finished-at="2020-02-05T10:13:58Z" duration-ms="2809">
    <groups>
    </groups>
    <test started-at="2020-02-05T10:13:55Z" name="Default test" finished-at="2020-02-05T10:13:58Z" duration-ms="2809">
      <class name="workFlow.AddInHandInventory">
        <test-method signature="workflow_addingInHandInventory()[pri:0, instance:workFlow.AddInHandInventory@197d671]" started-at="2020-02-05T10:13:55Z" name="workflow_addingInHandInventory" finished-at="2020-02-05T10:13:58Z" duration-ms="2748" status="PASS">
          <reporter-output>
          </reporter-output>
        </test-method> <!-- workflow_addingInHandInventory -->
      </class> <!-- workFlow.AddInHandInventory -->
    </test> <!-- Default test -->
  </suite> <!-- Default suite -->
</testng-results>
