<?xml version="1.0" encoding="UTF-8"?>
<!-- Generated by org.testng.reporters.JUnitXMLReporter -->
<testsuite ignored="0" hostname="NS-W-IT0M-S2" failures="0" tests="15" name="Test" time="7.011" errors="0" timestamp="05 Feb 2020 06:21:39 GMT">
  <testcase classname="loginApi.LoginApi_test3" name="addUser_login" time="2.213"/>
  <testcase classname="taskApi.AllTask_BranchId_userId" name="task_allTask_Branch293_userId42" time="0.532"/>
  <testcase classname="loginApi.LoginApi_test4" name="updatePassword" time="0.321"/>
  <testcase classname="taskApi.AllTask" name="task_allTask" time="0.446"/>
  <testcase classname="loginApi.LoginApi_test1" name="postLoginDescription" time="0.285"/>
  <testcase classname="taskApi.AllTask_reAssign" name="task_reAssign" time="0.322"/>
  <testcase classname="loginApi.LoginApi_test2" name="findUser_login" time="0.298"/>
  <testcase classname="workFlow.GetInventory_BranchId" name="workflow_getInventory_BranchId22" time="0.32"/>
  <testcase classname="workFlow.GetInventory_BranchId" name="workflow_getInventory_BranchId42" time="0.291"/>
  <testcase classname="roleApi.AllRoles" name="getAll_Roles" time="0.26"/>
  <testcase classname="loginApi.LoginApi_test5" name="SendLogMail" time="0.296"/>
  <testcase classname="value.Value_getApiValue" name="value_getValue" time="0.279"/>
  <testcase classname="itemApi.ItemApiTest" name="test_GetAllItem" time="0.428"/>
  <testcase classname="taskApi.TaskStatus" name="task_status" time="0.339"/>
  <testcase classname="taskApi.AllTask_getRequest" name="task_getReq_EnggId278_BranchId22" time="0.279"/>
</testsuite> <!-- Test -->
